<?xml version="1.0" encoding="UTF-8"?>
<!-- Generated by org.testng.reporters.JUnitXMLReporter -->
<testsuite ignored="0" hostname="N12886" failures="0" tests="6" name="Test" time="9.2" errors="0" timestamp="2024-12-03T15:38:08 IST">
  <testcase classname="testCases.LoginAndRegistration" name="@BeforeMethod setUpPageObjects" time="0.012">
    <failure type="java.lang.IllegalArgumentException" message="Driver must be set">
      <![CDATA[java.lang.IllegalArgumentException: Driver must be set
at org.openqa.selenium.internal.Require.nonNull(Require.java:61)
at org.openqa.selenium.interactions.Actions.<init>(Actions.java:64)
at org.openqa.selenium.interactions.Actions.<init>(Actions.java:60)
at pageObject.HomePage.<init>(HomePage.java:18)
at testCases.LoginAndRegistration.setUpPageObjects(LoginAndRegistration.java:34)
at java.base/java.util.ArrayList.forEach(ArrayList.java:1597)
... Removed 29 stack frames]]>
    </failure>
  </testcase> <!-- @BeforeMethod setUpPageObjects -->
  <testcase classname="testCases.LoginAndRegistration" name="@BeforeMethod setUpPageObjects" time="0.0">
    <skipped/>
  </testcase> <!-- @BeforeMethod setUpPageObjects -->
  <testcase classname="testCases.LoginAndRegistration" name="@BeforeMethod setUpPageObjects" time="0.0">
    <skipped/>
  </testcase> <!-- @BeforeMethod setUpPageObjects -->
  <testcase classname="testCases.LoginAndRegistration" name="@BeforeMethod setUpPageObjects" time="0.0">
    <skipped/>
  </testcase> <!-- @BeforeMethod setUpPageObjects -->
  <testcase classname="testCases.LoginAndRegistration" name="@BeforeMethod setUpPageObjects" time="0.0">
    <skipped/>
  </testcase> <!-- @BeforeMethod setUpPageObjects -->
  <testcase classname="testCases.LoginAndRegistration" name="@BeforeMethod setUpPageObjects" time="0.0">
    <skipped/>
  </testcase> <!-- @BeforeMethod setUpPageObjects -->
  <testcase classname="base.BaseTest" name="@AfterTest closeBrowser" time="0.0">
    <skipped/>
  </testcase> <!-- @AfterTest closeBrowser -->
  <testcase classname="testCases.LoginAndRegistration" name="validateErrorMessageForInvalidCredentials" time="0.0">
    <skipped/>
  </testcase> <!-- validateErrorMessageForInvalidCredentials -->
  <testcase classname="testCases.LoginAndRegistration" name="validatePasswordFieldTest" time="0.001">
    <skipped/>
  </testcase> <!-- validatePasswordFieldTest -->
  <testcase classname="testCases.LoginAndRegistration" name="validateRegisteredUserSuccessfullyLogin" time="0.0">
    <skipped/>
  </testcase> <!-- validateRegisteredUserSuccessfullyLogin -->
  <testcase classname="testCases.LoginAndRegistration" name="validateUnregisteredUserCannotLogin" time="0.0">
    <skipped/>
  </testcase> <!-- validateUnregisteredUserCannotLogin -->
  <testcase classname="testCases.LoginAndRegistration" name="validateUserLogOutFunction" time="0.0">
    <skipped/>
  </testcase> <!-- validateUserLogOutFunction -->
  <testcase classname="testCases.LoginAndRegistration" name="verifyNewUserCanRegisterWithValidData" time="0.001">
    <skipped/>
  </testcase> <!-- verifyNewUserCanRegisterWithValidData -->
</testsuite> <!-- Test -->
