<?xml version="1.0" encoding="UTF-8"?>
<testng-results ignored="0" total="1" passed="1" failed="0" skipped="0">
  <reporter-output>
  </reporter-output>
  <suite started-at="2024-12-17T20:23:16 IST" name="Default suite" finished-at="2024-12-17T20:23:18 IST" duration-ms="1597">
    <groups>
    </groups>
    <test started-at="2024-12-17T20:23:16 IST" name="Default test" finished-at="2024-12-17T20:23:18 IST" duration-ms="1597">
      <class name="testCases.Excel">
        <test-method signature="excelData()[pri:0, instance:testCases.Excel@700fb871]" started-at="2024-12-17T20:23:16 IST" name="excelData" finished-at="2024-12-17T20:23:18 IST" duration-ms="1512" status="PASS">
          <reporter-output>
          </reporter-output>
        </test-method> <!-- excelData -->
      </class> <!-- testCases.Excel -->
    </test> <!-- Default test -->
  </suite> <!-- Default suite -->
</testng-results>
